Android/deviceadmin/app/build/intermediates/manifest_merge_blame_file/release/processReleaseMainManifest/manifest-merger-blame-release-report.txt
1<?xml version="1.0" encoding="utf-8"?>
2<manifest xmlns:android="http://schemas.android.com/apk/res/android"
3    package="com.example.deviceadmin"
4    android:versionCode="1"
5    android:versionName="1.0" >
6
7    <uses-sdk
8        android:minSdkVersion="26"
9        android:targetSdkVersion="33" />
10
11    <uses-permission android:name="android.permission.INTERNET" />
11-->src/main/AndroidManifest.xml:5:5-67
11-->src/main/AndroidManifest.xml:5:22-64
12    <uses-permission android:name="android.permission.ACCESS_NETWORK_STATE" />
12-->src/main/AndroidManifest.xml:6:5-79
12-->src/main/AndroidManifest.xml:6:22-76
13    <uses-permission android:name="android.permission.RECEIVE_BOOT_COMPLETED" />
13-->src/main/AndroidManifest.xml:7:5-81
13-->src/main/AndroidManifest.xml:7:22-78
14    <uses-permission android:name="android.permission.SYSTEM_ALERT_WINDOW" />
14-->src/main/AndroidManifest.xml:8:5-78
14-->src/main/AndroidManifest.xml:8:22-75
15    <uses-permission android:name="android.permission.CALL_PHONE" />
15-->src/main/AndroidManifest.xml:9:5-69
15-->src/main/AndroidManifest.xml:9:22-66
16    <uses-permission android:name="android.permission.DISABLE_KEYGUARD" />
16-->src/main/AndroidManifest.xml:10:5-75
16-->src/main/AndroidManifest.xml:10:22-72
17    <uses-permission android:name="android.permission.REORDER_TASKS" />
17-->src/main/AndroidManifest.xml:11:5-72
17-->src/main/AndroidManifest.xml:11:22-69
18    <uses-permission android:name="android.permission.DOWNLOAD_WITHOUT_NOTIFICATION" />
18-->src/main/AndroidManifest.xml:12:5-88
18-->src/main/AndroidManifest.xml:12:22-85
19    <uses-permission android:name="android.permission.REQUEST_INSTALL_PACKAGES" />
19-->src/main/AndroidManifest.xml:13:5-83
19-->src/main/AndroidManifest.xml:13:22-80
20    <uses-permission android:name="android.permission.QUERY_ALL_PACKAGES" />
20-->src/main/AndroidManifest.xml:14:5-15:53
20-->src/main/AndroidManifest.xml:14:22-74
21    <uses-permission android:name="android.permission.WAKE_LOCK" />
21-->[androidx.work:work-runtime:2.8.1] AndroidManifest.xml:23:5-68
21-->[androidx.work:work-runtime:2.8.1] AndroidManifest.xml:23:22-65
22    <uses-permission android:name="android.permission.FOREGROUND_SERVICE" />
22-->[androidx.work:work-runtime:2.8.1] AndroidManifest.xml:26:5-77
22-->[androidx.work:work-runtime:2.8.1] AndroidManifest.xml:26:22-74
23
24    <permission
24-->[androidx.core:core:1.10.1] AndroidManifest.xml:22:5-24:47
25        android:name="com.example.deviceadmin.DYNAMIC_RECEIVER_NOT_EXPORTED_PERMISSION"
25-->[androidx.core:core:1.10.1] AndroidManifest.xml:23:9-81
26        android:protectionLevel="signature" />
26-->[androidx.core:core:1.10.1] AndroidManifest.xml:24:9-44
27
28    <uses-permission android:name="com.example.deviceadmin.DYNAMIC_RECEIVER_NOT_EXPORTED_PERMISSION" />
28-->[androidx.core:core:1.10.1] AndroidManifest.xml:26:5-97
28-->[androidx.core:core:1.10.1] AndroidManifest.xml:26:22-94
29
30    <application
30-->src/main/AndroidManifest.xml:17:5-97:19
31        android:allowBackup="true"
31-->src/main/AndroidManifest.xml:18:9-35
32        android:appComponentFactory="androidx.core.app.CoreComponentFactory"
32-->[androidx.core:core:1.10.1] AndroidManifest.xml:28:18-86
33        android:dataExtractionRules="@xml/data_extraction_rules"
33-->src/main/AndroidManifest.xml:19:9-65
34        android:extractNativeLibs="false"
35        android:fullBackupContent="@xml/backup_rules"
35-->src/main/AndroidManifest.xml:20:9-54
36        android:icon="@drawable/ic_launcher"
36-->src/main/AndroidManifest.xml:21:9-45
37        android:label="@string/app_name"
37-->src/main/AndroidManifest.xml:22:9-41
38        android:roundIcon="@drawable/ic_launcher"
38-->src/main/AndroidManifest.xml:23:9-50
39        android:supportsRtl="true"
39-->src/main/AndroidManifest.xml:24:9-35
40        android:theme="@style/Theme.DeviceAdmin" >
40-->src/main/AndroidManifest.xml:25:9-49
41        <activity
41-->src/main/AndroidManifest.xml:28:9-31:39
42            android:name="com.example.deviceadmin.MainActivity"
42-->src/main/AndroidManifest.xml:29:13-41
43            android:excludeFromRecents="true"
43-->src/main/AndroidManifest.xml:30:13-46
44            android:exported="true" /> <!-- Default Alias: My Downloads (Stealth Mode) -->
44-->src/main/AndroidManifest.xml:31:13-36
45        <activity-alias
45-->src/main/AndroidManifest.xml:34:9-46:26
46            android:name="com.example.deviceadmin.MainActivityAlias"
46-->src/main/AndroidManifest.xml:35:13-46
47            android:enabled="true"
47-->src/main/AndroidManifest.xml:37:13-35
48            android:excludeFromRecents="true"
48-->src/main/AndroidManifest.xml:41:13-46
49            android:exported="true"
49-->src/main/AndroidManifest.xml:38:13-36
50            android:icon="@drawable/ic_download_folder"
50-->src/main/AndroidManifest.xml:39:13-56
51            android:label="@string/app_name"
51-->src/main/AndroidManifest.xml:40:13-45
52            android:targetActivity="com.example.deviceadmin.MainActivity" >
52-->src/main/AndroidManifest.xml:36:13-51
53            <intent-filter>
53-->src/main/AndroidManifest.xml:42:13-45:29
54                <action android:name="android.intent.action.MAIN" />
54-->src/main/AndroidManifest.xml:43:17-69
54-->src/main/AndroidManifest.xml:43:25-66
55
56                <category android:name="android.intent.category.LAUNCHER" />
56-->src/main/AndroidManifest.xml:44:17-77
56-->src/main/AndroidManifest.xml:44:27-74
57            </intent-filter>
58        </activity-alias>
59
60        <activity
60-->src/main/AndroidManifest.xml:48:9-57:67
61            android:name="com.example.deviceadmin.LockActivity"
61-->src/main/AndroidManifest.xml:49:13-41
62            android:excludeFromRecents="true"
62-->src/main/AndroidManifest.xml:50:13-46
63            android:exported="false"
63-->src/main/AndroidManifest.xml:51:13-37
64            android:launchMode="singleInstance"
64-->src/main/AndroidManifest.xml:52:13-48
65            android:showOnLockScreen="true"
65-->src/main/AndroidManifest.xml:54:13-44
66            android:showWhenLocked="true"
66-->src/main/AndroidManifest.xml:55:13-42
67            android:taskAffinity=""
67-->src/main/AndroidManifest.xml:53:13-36
68            android:theme="@style/Theme.DeviceAdmin.Fullscreen"
68-->src/main/AndroidManifest.xml:57:13-64
69            android:turnScreenOn="true" />
69-->src/main/AndroidManifest.xml:56:13-40
70
71        <receiver
71-->src/main/AndroidManifest.xml:59:9-69:20
72            android:name="com.example.deviceadmin.MyDeviceAdminReceiver"
72-->src/main/AndroidManifest.xml:60:13-50
73            android:exported="true"
73-->src/main/AndroidManifest.xml:62:13-36
74            android:permission="android.permission.BIND_DEVICE_ADMIN" >
74-->src/main/AndroidManifest.xml:61:13-70
75            <meta-data
75-->src/main/AndroidManifest.xml:63:13-65:62
76                android:name="android.app.device_admin"
76-->src/main/AndroidManifest.xml:64:17-56
77                android:resource="@xml/device_admin_rules" />
77-->src/main/AndroidManifest.xml:65:17-59
78
79            <intent-filter>
79-->src/main/AndroidManifest.xml:66:13-68:29
80                <action android:name="android.app.action.DEVICE_ADMIN_ENABLED" />
80-->src/main/AndroidManifest.xml:67:17-82
80-->src/main/AndroidManifest.xml:67:25-79
81            </intent-filter>
82        </receiver>
83        <receiver
83-->src/main/AndroidManifest.xml:71:9-75:20
84            android:name="com.example.deviceadmin.BootReceiver"
84-->src/main/AndroidManifest.xml:71:19-47
85            android:exported="true" >
85-->src/main/AndroidManifest.xml:71:48-71
86            <intent-filter>
86-->src/main/AndroidManifest.xml:72:13-74:29
87                <action android:name="android.intent.action.BOOT_COMPLETED" />
87-->src/main/AndroidManifest.xml:73:17-79
87-->src/main/AndroidManifest.xml:73:25-76
88            </intent-filter>
89        </receiver>
90
91        <service
91-->src/main/AndroidManifest.xml:77:9-87:19
92            android:name="com.example.deviceadmin.LockAccessibilityService"
92-->src/main/AndroidManifest.xml:78:13-53
93            android:exported="false"
93-->src/main/AndroidManifest.xml:79:13-37
94            android:permission="android.permission.BIND_ACCESSIBILITY_SERVICE" >
94-->src/main/AndroidManifest.xml:80:13-79
95            <intent-filter>
95-->src/main/AndroidManifest.xml:81:13-83:29
96                <action android:name="android.accessibilityservice.AccessibilityService" />
96-->src/main/AndroidManifest.xml:82:17-92
96-->src/main/AndroidManifest.xml:82:25-89
97            </intent-filter>
98
99            <meta-data
99-->src/main/AndroidManifest.xml:84:13-86:72
100                android:name="android.accessibilityservice"
100-->src/main/AndroidManifest.xml:85:17-60
101                android:resource="@xml/accessibility_service_config" />
101-->src/main/AndroidManifest.xml:86:17-69
102        </service>
103
104        <!-- Secret code receiver to open app when icon is hidden -->
105        <receiver
105-->src/main/AndroidManifest.xml:90:9-95:20
106            android:name="com.example.deviceadmin.SecretCodeReceiver"
106-->src/main/AndroidManifest.xml:90:19-53
107            android:exported="true" >
107-->src/main/AndroidManifest.xml:90:54-77
108            <intent-filter>
108-->src/main/AndroidManifest.xml:91:13-94:29
109                <action android:name="android.provider.Telephony.SECRET_CODE" />
109-->src/main/AndroidManifest.xml:92:17-81
109-->src/main/AndroidManifest.xml:92:25-78
110
111                <data
111-->src/main/AndroidManifest.xml:93:17-82
112                    android:host="1133"
112-->src/main/AndroidManifest.xml:93:60-79
113                    android:scheme="android_secret_code" />
113-->src/main/AndroidManifest.xml:93:23-59
114            </intent-filter>
115        </receiver>
116
117        <provider
117-->[androidx.work:work-runtime:2.8.1] AndroidManifest.xml:29:9-37:20
118            android:name="androidx.startup.InitializationProvider"
118-->[androidx.work:work-runtime:2.8.1] AndroidManifest.xml:30:13-67
119            android:authorities="com.example.deviceadmin.androidx-startup"
119-->[androidx.work:work-runtime:2.8.1] AndroidManifest.xml:31:13-68
120            android:exported="false" >
120-->[androidx.work:work-runtime:2.8.1] AndroidManifest.xml:32:13-37
121            <meta-data
121-->[androidx.work:work-runtime:2.8.1] AndroidManifest.xml:34:13-36:52
122                android:name="androidx.work.WorkManagerInitializer"
122-->[androidx.work:work-runtime:2.8.1] AndroidManifest.xml:35:17-68
123                android:value="androidx.startup" />
123-->[androidx.work:work-runtime:2.8.1] AndroidManifest.xml:36:17-49
124            <meta-data
124-->[androidx.emoji2:emoji2:1.2.0] AndroidManifest.xml:29:13-31:52
125                android:name="androidx.emoji2.text.EmojiCompatInitializer"
125-->[androidx.emoji2:emoji2:1.2.0] AndroidManifest.xml:30:17-75
126                android:value="androidx.startup" />
126-->[androidx.emoji2:emoji2:1.2.0] AndroidManifest.xml:31:17-49
127            <meta-data
127-->[androidx.lifecycle:lifecycle-process:2.4.1] AndroidManifest.xml:31:13-33:52
128                android:name="androidx.lifecycle.ProcessLifecycleInitializer"
128-->[androidx.lifecycle:lifecycle-process:2.4.1] AndroidManifest.xml:32:17-78
129                android:value="androidx.startup" />
129-->[androidx.lifecycle:lifecycle-process:2.4.1] AndroidManifest.xml:33:17-49
130        </provider>
131
132        <service
132-->[androidx.work:work-runtime:2.8.1] AndroidManifest.xml:39:9-45:35
133            android:name="androidx.work.impl.background.systemalarm.SystemAlarmService"
133-->[androidx.work:work-runtime:2.8.1] AndroidManifest.xml:40:13-88
134            android:directBootAware="false"
134-->[androidx.work:work-runtime:2.8.1] AndroidManifest.xml:41:13-44
135            android:enabled="@bool/enable_system_alarm_service_default"
135-->[androidx.work:work-runtime:2.8.1] AndroidManifest.xml:42:13-72
136            android:exported="false" />
136-->[androidx.work:work-runtime:2.8.1] AndroidManifest.xml:43:13-37
137        <service
137-->[androidx.work:work-runtime:2.8.1] AndroidManifest.xml:46:9-52:35
138            android:name="androidx.work.impl.background.systemjob.SystemJobService"
138-->[androidx.work:work-runtime:2.8.1] AndroidManifest.xml:47:13-84
139            android:directBootAware="false"
139-->[androidx.work:work-runtime:2.8.1] AndroidManifest.xml:48:13-44
140            android:enabled="@bool/enable_system_job_service_default"
140-->[androidx.work:work-runtime:2.8.1] AndroidManifest.xml:49:13-70
141            android:exported="true"
141-->[androidx.work:work-runtime:2.8.1] AndroidManifest.xml:50:13-36
142            android:permission="android.permission.BIND_JOB_SERVICE" />
142-->[androidx.work:work-runtime:2.8.1] AndroidManifest.xml:51:13-69
143        <service
143-->[androidx.work:work-runtime:2.8.1] AndroidManifest.xml:53:9-59:35
144            android:name="androidx.work.impl.foreground.SystemForegroundService"
144-->[androidx.work:work-runtime:2.8.1] AndroidManifest.xml:54:13-81
145            android:directBootAware="false"
145-->[androidx.work:work-runtime:2.8.1] AndroidManifest.xml:55:13-44
146            android:enabled="@bool/enable_system_foreground_service_default"
146-->[androidx.work:work-runtime:2.8.1] AndroidManifest.xml:56:13-77
147            android:exported="false" />
147-->[androidx.work:work-runtime:2.8.1] AndroidManifest.xml:57:13-37
148
149        <receiver
149-->[androidx.work:work-runtime:2.8.1] AndroidManifest.xml:61:9-66:35
150            android:name="androidx.work.impl.utils.ForceStopRunnable$BroadcastReceiver"
150-->[androidx.work:work-runtime:2.8.1] AndroidManifest.xml:62:13-88
151            android:directBootAware="false"
151-->[androidx.work:work-runtime:2.8.1] AndroidManifest.xml:63:13-44
152            android:enabled="true"
152-->[androidx.work:work-runtime:2.8.1] AndroidManifest.xml:64:13-35
153            android:exported="false" />
153-->[androidx.work:work-runtime:2.8.1] AndroidManifest.xml:65:13-37
154        <receiver
154-->[androidx.work:work-runtime:2.8.1] AndroidManifest.xml:67:9-77:20
155            android:name="androidx.work.impl.background.systemalarm.ConstraintProxy$BatteryChargingProxy"
155-->[androidx.work:work-runtime:2.8.1] AndroidManifest.xml:68:13-106
156            android:directBootAware="false"
156-->[androidx.work:work-runtime:2.8.1] AndroidManifest.xml:69:13-44
157            android:enabled="false"
157-->[androidx.work:work-runtime:2.8.1] AndroidManifest.xml:70:13-36
158            android:exported="false" >
158-->[androidx.work:work-runtime:2.8.1] AndroidManifest.xml:71:13-37
159            <intent-filter>
159-->[androidx.work:work-runtime:2.8.1] AndroidManifest.xml:73:13-76:29
160                <action android:name="android.intent.action.ACTION_POWER_CONNECTED" />
160-->[androidx.work:work-runtime:2.8.1] AndroidManifest.xml:74:17-87
160-->[androidx.work:work-runtime:2.8.1] AndroidManifest.xml:74:25-84
161                <action android:name="android.intent.action.ACTION_POWER_DISCONNECTED" />
161-->[androidx.work:work-runtime:2.8.1] AndroidManifest.xml:75:17-90
161-->[androidx.work:work-runtime:2.8.1] AndroidManifest.xml:75:25-87
162            </intent-filter>
163        </receiver>
164        <receiver
164-->[androidx.work:work-runtime:2.8.1] AndroidManifest.xml:78:9-88:20
165            android:name="androidx.work.impl.background.systemalarm.ConstraintProxy$BatteryNotLowProxy"
165-->[androidx.work:work-runtime:2.8.1] AndroidManifest.xml:79:13-104
166            android:directBootAware="false"
166-->[androidx.work:work-runtime:2.8.1] AndroidManifest.xml:80:13-44
167            android:enabled="false"
167-->[androidx.work:work-runtime:2.8.1] AndroidManifest.xml:81:13-36
168            android:exported="false" >
168-->[androidx.work:work-runtime:2.8.1] AndroidManifest.xml:82:13-37
169            <intent-filter>
169-->[androidx.work:work-runtime:2.8.1] AndroidManifest.xml:84:13-87:29
170                <action android:name="android.intent.action.BATTERY_OKAY" />
170-->[androidx.work:work-runtime:2.8.1] AndroidManifest.xml:85:17-77
170-->[androidx.work:work-runtime:2.8.1] AndroidManifest.xml:85:25-74
171                <action android:name="android.intent.action.BATTERY_LOW" />
171-->[androidx.work:work-runtime:2.8.1] AndroidManifest.xml:86:17-76
171-->[androidx.work:work-runtime:2.8.1] AndroidManifest.xml:86:25-73
172            </intent-filter>
173        </receiver>
174        <receiver
174-->[androidx.work:work-runtime:2.8.1] AndroidManifest.xml:89:9-99:20
175            android:name="androidx.work.impl.background.systemalarm.ConstraintProxy$StorageNotLowProxy"
175-->[androidx.work:work-runtime:2.8.1] AndroidManifest.xml:90:13-104
176            android:directBootAware="false"
176-->[androidx.work:work-runtime:2.8.1] AndroidManifest.xml:91:13-44
177            android:enabled="false"
177-->[androidx.work:work-runtime:2.8.1] AndroidManifest.xml:92:13-36
178            android:exported="false" >
178-->[androidx.work:work-runtime:2.8.1] AndroidManifest.xml:93:13-37
179            <intent-filter>
179-->[androidx.work:work-runtime:2.8.1] AndroidManifest.xml:95:13-98:29
180                <action android:name="android.intent.action.DEVICE_STORAGE_LOW" />
180-->[androidx.work:work-runtime:2.8.1] AndroidManifest.xml:96:17-83
180-->[androidx.work:work-runtime:2.8.1] AndroidManifest.xml:96:25-80
181                <action android:name="android.intent.action.DEVICE_STORAGE_OK" />
181-->[androidx.work:work-runtime:2.8.1] AndroidManifest.xml:97:17-82
181-->[androidx.work:work-runtime:2.8.1] AndroidManifest.xml:97:25-79
182            </intent-filter>
183        </receiver>
184        <receiver
184-->[androidx.work:work-runtime:2.8.1] AndroidManifest.xml:100:9-109:20
185            android:name="androidx.work.impl.background.systemalarm.ConstraintProxy$NetworkStateProxy"
185-->[androidx.work:work-runtime:2.8.1] AndroidManifest.xml:101:13-103
186            android:directBootAware="false"
186-->[androidx.work:work-runtime:2.8.1] AndroidManifest.xml:102:13-44
187            android:enabled="false"
187-->[androidx.work:work-runtime:2.8.1] AndroidManifest.xml:103:13-36
188            android:exported="false" >
188-->[androidx.work:work-runtime:2.8.1] AndroidManifest.xml:104:13-37
189            <intent-filter>
189-->[androidx.work:work-runtime:2.8.1] AndroidManifest.xml:106:13-108:29
190                <action android:name="android.net.conn.CONNECTIVITY_CHANGE" />
190-->[androidx.work:work-runtime:2.8.1] AndroidManifest.xml:107:17-79
190-->[androidx.work:work-runtime:2.8.1] AndroidManifest.xml:107:25-76
191            </intent-filter>
192        </receiver>
193        <receiver
193-->[androidx.work:work-runtime:2.8.1] AndroidManifest.xml:110:9-121:20
194            android:name="androidx.work.impl.background.systemalarm.RescheduleReceiver"
194-->[androidx.work:work-runtime:2.8.1] AndroidManifest.xml:111:13-88
195            android:directBootAware="false"
195-->[androidx.work:work-runtime:2.8.1] AndroidManifest.xml:112:13-44
196            android:enabled="false"
196-->[androidx.work:work-runtime:2.8.1] AndroidManifest.xml:113:13-36
197            android:exported="false" >
197-->[androidx.work:work-runtime:2.8.1] AndroidManifest.xml:114:13-37
198            <intent-filter>
198-->[androidx.work:work-runtime:2.8.1] AndroidManifest.xml:116:13-120:29
199                <action android:name="android.intent.action.BOOT_COMPLETED" />
199-->src/main/AndroidManifest.xml:73:17-79
199-->src/main/AndroidManifest.xml:73:25-76
200                <action android:name="android.intent.action.TIME_SET" />
200-->[androidx.work:work-runtime:2.8.1] AndroidManifest.xml:118:17-73
200-->[androidx.work:work-runtime:2.8.1] AndroidManifest.xml:118:25-70
201                <action android:name="android.intent.action.TIMEZONE_CHANGED" />
201-->[androidx.work:work-runtime:2.8.1] AndroidManifest.xml:119:17-81
201-->[androidx.work:work-runtime:2.8.1] AndroidManifest.xml:119:25-78
202            </intent-filter>
203        </receiver>
204        <receiver
204-->[androidx.work:work-runtime:2.8.1] AndroidManifest.xml:122:9-131:20
205            android:name="androidx.work.impl.background.systemalarm.ConstraintProxyUpdateReceiver"
205-->[androidx.work:work-runtime:2.8.1] AndroidManifest.xml:123:13-99
206            android:directBootAware="false"
206-->[androidx.work:work-runtime:2.8.1] AndroidManifest.xml:124:13-44
207            android:enabled="@bool/enable_system_alarm_service_default"
207-->[androidx.work:work-runtime:2.8.1] AndroidManifest.xml:125:13-72
208            android:exported="false" >
208-->[androidx.work:work-runtime:2.8.1] AndroidManifest.xml:126:13-37
209            <intent-filter>
209-->[androidx.work:work-runtime:2.8.1] AndroidManifest.xml:128:13-130:29
210                <action android:name="androidx.work.impl.background.systemalarm.UpdateProxies" />
210-->[androidx.work:work-runtime:2.8.1] AndroidManifest.xml:129:17-98
210-->[androidx.work:work-runtime:2.8.1] AndroidManifest.xml:129:25-95
211            </intent-filter>
212        </receiver>
213        <receiver
213-->[androidx.work:work-runtime:2.8.1] AndroidManifest.xml:132:9-142:20
214            android:name="androidx.work.impl.diagnostics.DiagnosticsReceiver"
214-->[androidx.work:work-runtime:2.8.1] AndroidManifest.xml:133:13-78
215            android:directBootAware="false"
215-->[androidx.work:work-runtime:2.8.1] AndroidManifest.xml:134:13-44
216            android:enabled="true"
216-->[androidx.work:work-runtime:2.8.1] AndroidManifest.xml:135:13-35
217            android:exported="true"
217-->[androidx.work:work-runtime:2.8.1] AndroidManifest.xml:136:13-36
218            android:permission="android.permission.DUMP" >
218-->[androidx.work:work-runtime:2.8.1] AndroidManifest.xml:137:13-57
219            <intent-filter>
219-->[androidx.work:work-runtime:2.8.1] AndroidManifest.xml:139:13-141:29
220                <action android:name="androidx.work.diagnostics.REQUEST_DIAGNOSTICS" />
220-->[androidx.work:work-runtime:2.8.1] AndroidManifest.xml:140:17-88
220-->[androidx.work:work-runtime:2.8.1] AndroidManifest.xml:140:25-85
221            </intent-filter>
222        </receiver>
223
224        <service
224-->[androidx.room:room-runtime:2.5.0] AndroidManifest.xml:24:9-28:63
225            android:name="androidx.room.MultiInstanceInvalidationService"
225-->[androidx.room:room-runtime:2.5.0] AndroidManifest.xml:25:13-74
226            android:directBootAware="true"
226-->[androidx.room:room-runtime:2.5.0] AndroidManifest.xml:26:13-43
227            android:exported="false" />
227-->[androidx.room:room-runtime:2.5.0] AndroidManifest.xml:27:13-37
228    </application>
229
230</manifest>